<?xml version="1.0" encoding="UTF-8"?>
<testng-results ignored="0" total="1" passed="1" failed="0" skipped="0">
  <reporter-output>
  </reporter-output>
  <suite started-at="2023-05-13T20:55:44 IST" name="testng" finished-at="2023-05-13T20:56:00 IST" duration-ms="15809">
    <groups>
    </groups>
    <test started-at="2023-05-13T20:55:44 IST" name="Test" finished-at="2023-05-13T20:56:00 IST" duration-ms="15809">
      <class name="TestApplication.Payments">
        <test-method signature="PaymentPage()[pri:0, instance:TestApplication.Payments@41fecb8b]" started-at="2023-05-13T20:55:44 IST" name="PaymentPage" finished-at="2023-05-13T20:56:00 IST" duration-ms="15762" status="PASS">
          <reporter-output>
          </reporter-output>
        </test-method> <!-- PaymentPage -->
      </class> <!-- TestApplication.Payments -->
    </test> <!-- Test -->
  </suite> <!-- testng -->
</testng-results>
